2016/05/10 17:25:47 [error] [exception.CException] exception 'CException' with message 'Property "CWebApplication.smarty" is not defined.' in /app/yii/framework/base/CComponent.php:130
Stack trace:
#0 /app/yii/framework/base/CModule.php(105): CComponent->__get('smarty')
#1 /app/yii/htdocs/protected/controllers/SiteController.php(34): CModule->__get('smarty')
#2 /app/yii/framework/web/actions/CInlineAction.php(49): SiteController->actionIndex()
#3 /app/yii/framework/web/CController.php(308): CInlineAction->runWithParams(Array)
#4 /app/yii/framework/web/CController.php(286): CController->runAction(Object(CInlineAction))
#5 /app/yii/framework/web/CController.php(265): CController->runActionWithFilters(Object(CInlineAction), Array)
#6 /app/yii/framework/web/CWebApplication.php(282): CController->run('')
#7 /app/yii/framework/web/CWebApplication.php(141): CWebApplication->runController('')
#8 /app/yii/framework/base/CApplication.php(169): CWebApplication->processRequest()
#9 /app/yii/htdocs/index.php(13): CApplication->run()
#10 {main}
REQUEST_URI=/
---
2016/05/10 17:26:27 [error] [exception.CException] exception 'CException' with message 'Property "CWebApplication.smarty" is not defined.' in /app/yii/framework/base/CComponent.php:130
Stack trace:
#0 /app/yii/framework/base/CModule.php(105): CComponent->__get('smarty')
#1 /app/yii/htdocs/protected/controllers/SiteController.php(34): CModule->__get('smarty')
#2 /app/yii/framework/web/actions/CInlineAction.php(49): SiteController->actionIndex()
#3 /app/yii/framework/web/CController.php(308): CInlineAction->runWithParams(Array)
#4 /app/yii/framework/web/CController.php(286): CController->runAction(Object(CInlineAction))
#5 /app/yii/framework/web/CController.php(265): CController->runActionWithFilters(Object(CInlineAction), Array)
#6 /app/yii/framework/web/CWebApplication.php(282): CController->run('')
#7 /app/yii/framework/web/CWebApplication.php(141): CWebApplication->runController('')
#8 /app/yii/framework/base/CApplication.php(169): CWebApplication->processRequest()
#9 /app/yii/htdocs/index.php(13): CApplication->run()
#10 {main}
REQUEST_URI=/
---
2016/05/10 17:29:25 [error] [exception.CException] exception 'CException' with message 'Property "CWebApplication.smarty" is not defined.' in /app/yii/framework/base/CComponent.php:130
Stack trace:
#0 /app/yii/framework/base/CModule.php(105): CComponent->__get('smarty')
#1 /app/yii/htdocs/protected/controllers/SiteController.php(34): CModule->__get('smarty')
#2 /app/yii/framework/web/actions/CInlineAction.php(49): SiteController->actionIndex()
#3 /app/yii/framework/web/CController.php(308): CInlineAction->runWithParams(Array)
#4 /app/yii/framework/web/CController.php(286): CController->runAction(Object(CInlineAction))
#5 /app/yii/framework/web/CController.php(265): CController->runActionWithFilters(Object(CInlineAction), Array)
#6 /app/yii/framework/web/CWebApplication.php(282): CController->run('')
#7 /app/yii/framework/web/CWebApplication.php(141): CWebApplication->runController('')
#8 /app/yii/framework/base/CApplication.php(169): CWebApplication->processRequest()
#9 /app/yii/htdocs/index.php(13): CApplication->run()
#10 {main}
REQUEST_URI=/
---
2016/05/10 17:32:49 [error] [exception.CException] exception 'CException' with message 'Property "CWebApplication.smarty" is not defined.' in /app/yii/framework/base/CComponent.php:130
Stack trace:
#0 /app/yii/framework/base/CModule.php(105): CComponent->__get('smarty')
#1 /app/yii/htdocs/protected/controllers/SiteController.php(34): CModule->__get('smarty')
#2 /app/yii/framework/web/actions/CInlineAction.php(49): SiteController->actionIndex()
#3 /app/yii/framework/web/CController.php(308): CInlineAction->runWithParams(Array)
#4 /app/yii/framework/web/CController.php(286): CController->runAction(Object(CInlineAction))
#5 /app/yii/framework/web/CController.php(265): CController->runActionWithFilters(Object(CInlineAction), Array)
#6 /app/yii/framework/web/CWebApplication.php(282): CController->run('')
#7 /app/yii/framework/web/CWebApplication.php(141): CWebApplication->runController('')
#8 /app/yii/framework/base/CApplication.php(169): CWebApplication->processRequest()
#9 /app/yii/htdocs/index.php(13): CApplication->run()
#10 {main}
REQUEST_URI=/
---
2016/05/10 17:34:10 [error] [exception.CException] exception 'CException' with message 'Property "CWebApplication.smarty" is not defined.' in /app/yii/framework/base/CComponent.php:130
Stack trace:
#0 /app/yii/framework/base/CModule.php(105): CComponent->__get('smarty')
#1 /app/yii/htdocs/protected/controllers/SiteController.php(34): CModule->__get('smarty')
#2 /app/yii/framework/web/actions/CInlineAction.php(49): SiteController->actionIndex()
#3 /app/yii/framework/web/CController.php(308): CInlineAction->runWithParams(Array)
#4 /app/yii/framework/web/CController.php(286): CController->runAction(Object(CInlineAction))
#5 /app/yii/framework/web/CController.php(265): CController->runActionWithFilters(Object(CInlineAction), Array)
#6 /app/yii/framework/web/CWebApplication.php(282): CController->run('')
#7 /app/yii/framework/web/CWebApplication.php(141): CWebApplication->runController('')
#8 /app/yii/framework/base/CApplication.php(169): CWebApplication->processRequest()
#9 /app/yii/htdocs/index.php(13): CApplication->run()
#10 {main}
REQUEST_URI=/
---
2016/05/10 17:38:06 [error] [php] include(Smarty_Internal_TemplateCompilerBase.php): failed to open stream: No such file or directory (/app/yii/framework/YiiBase.php:421)
Stack trace:
#0 /app/yii/htdocs/protected/vendor/smarty/sysplugins/smarty_internal_smartytemplatecompiler.php(23): spl_autoload_call()
#1 /app/yii/htdocs/protected/vendor/smarty/Smarty.class.php(1376): require_once()
#2 /app/yii/htdocs/protected/vendor/smarty/sysplugins/smarty_internal_template.php(712): CSmarty->loadPlugin()
#3 /app/yii/htdocs/protected/vendor/smarty/sysplugins/smarty_internal_template.php(197): Smarty_Internal_Template->__get()
#4 /app/yii/htdocs/protected/vendor/smarty/sysplugins/smarty_internal_templatebase.php(155): Smarty_Internal_Template->compileTemplateSource()
#5 /app/yii/htdocs/protected/vendor/smarty/sysplugins/smarty_internal_templatebase.php(394): CSmarty->fetch()
#6 /app/yii/htdocs/protected/controllers/SiteController.php(35): CSmarty->display()
#7 /app/yii/framework/web/actions/CInlineAction.php(49): SiteController->actionIndex()
#8 /app/yii/framework/web/CController.php(308): CInlineAction->runWithParams()
#9 /app/yii/framework/web/CController.php(286): SiteController->runAction()
#10 /app/yii/framework/web/CController.php(265): SiteController->runActionWithFilters()
#11 /app/yii/framework/web/CWebApplication.php(282): SiteController->run()
#12 /app/yii/framework/web/CWebApplication.php(141): CWebApplication->runController()
#13 /app/yii/framework/base/CApplication.php(169): CWebApplication->processRequest()
#14 /app/yii/htdocs/index.php(13): CWebApplication->run()
REQUEST_URI=/
in /app/yii/htdocs/protected/vendor/smarty/sysplugins/smarty_internal_smartytemplatecompiler.php (23)
in /app/yii/htdocs/protected/vendor/smarty/Smarty.class.php (1376)
in /app/yii/htdocs/protected/vendor/smarty/sysplugins/smarty_internal_template.php (712)
2016/05/10 17:39:30 [error] [php] include(Smarty_Internal_TemplateCompilerBase.php): failed to open stream: No such file or directory (/app/yii/framework/YiiBase.php:421)
Stack trace:
#0 /app/yii/htdocs/protected/vendor/smarty/sysplugins/smarty_internal_smartytemplatecompiler.php(23): spl_autoload_call()
#1 /app/yii/htdocs/protected/vendor/smarty/Smarty.class.php(1376): require_once()
#2 /app/yii/htdocs/protected/vendor/smarty/sysplugins/smarty_internal_template.php(712): CSmarty->loadPlugin()
#3 /app/yii/htdocs/protected/vendor/smarty/sysplugins/smarty_internal_template.php(197): Smarty_Internal_Template->__get()
#4 /app/yii/htdocs/protected/vendor/smarty/sysplugins/smarty_internal_templatebase.php(155): Smarty_Internal_Template->compileTemplateSource()
#5 /app/yii/htdocs/protected/vendor/smarty/sysplugins/smarty_internal_templatebase.php(394): CSmarty->fetch()
#6 /app/yii/htdocs/protected/controllers/SiteController.php(35): CSmarty->display()
#7 /app/yii/framework/web/actions/CInlineAction.php(49): SiteController->actionIndex()
#8 /app/yii/framework/web/CController.php(308): CInlineAction->runWithParams()
#9 /app/yii/framework/web/CController.php(286): SiteController->runAction()
#10 /app/yii/framework/web/CController.php(265): SiteController->runActionWithFilters()
#11 /app/yii/framework/web/CWebApplication.php(282): SiteController->run()
#12 /app/yii/framework/web/CWebApplication.php(141): CWebApplication->runController()
#13 /app/yii/framework/base/CApplication.php(169): CWebApplication->processRequest()
#14 /app/yii/htdocs/index.php(13): CWebApplication->run()
REQUEST_URI=/
in /app/yii/htdocs/protected/vendor/smarty/sysplugins/smarty_internal_smartytemplatecompiler.php (23)
in /app/yii/htdocs/protected/vendor/smarty/Smarty.class.php (1376)
in /app/yii/htdocs/protected/vendor/smarty/sysplugins/smarty_internal_template.php (712)
2016/05/10 17:39:53 [error] [exception.CException] exception 'CException' with message 'Object configuration must be an array containing a "class" element.' in /app/yii/framework/YiiBase.php:193
Stack trace:
#0 /app/yii/framework/base/CModule.php(386): YiiBase::createComponent(Array)
#1 /app/yii/framework/base/CModule.php(103): CModule->getComponent('smarty')
#2 /app/yii/htdocs/protected/controllers/SiteController.php(34): CModule->__get('smarty')
#3 /app/yii/framework/web/actions/CInlineAction.php(49): SiteController->actionIndex()
#4 /app/yii/framework/web/CController.php(308): CInlineAction->runWithParams(Array)
#5 /app/yii/framework/web/CController.php(286): CController->runAction(Object(CInlineAction))
#6 /app/yii/framework/web/CController.php(265): CController->runActionWithFilters(Object(CInlineAction), Array)
#7 /app/yii/framework/web/CWebApplication.php(282): CController->run('')
#8 /app/yii/framework/web/CWebApplication.php(141): CWebApplication->runController('')
#9 /app/yii/framework/base/CApplication.php(169): CWebApplication->processRequest()
#10 /app/yii/htdocs/index.php(13): CApplication->run()
#11 {main}
REQUEST_URI=/
---
2016/05/10 17:41:11 [error] [exception.CException] exception 'CException' with message 'Alias "application.protected.extensions.CSmarty" is invalid. Make sure it points to an existing PHP file and the file is readable.' in /app/yii/framework/YiiBase.php:316
Stack trace:
#0 /app/yii/framework/YiiBase.php(196): YiiBase::import('application.pro...', true)
#1 /app/yii/framework/base/CModule.php(386): YiiBase::createComponent(Array)
#2 /app/yii/framework/base/CModule.php(103): CModule->getComponent('smarty')
#3 /app/yii/htdocs/protected/controllers/SiteController.php(34): CModule->__get('smarty')
#4 /app/yii/framework/web/actions/CInlineAction.php(49): SiteController->actionIndex()
#5 /app/yii/framework/web/CController.php(308): CInlineAction->runWithParams(Array)
#6 /app/yii/framework/web/CController.php(286): CController->runAction(Object(CInlineAction))
#7 /app/yii/framework/web/CController.php(265): CController->runActionWithFilters(Object(CInlineAction), Array)
#8 /app/yii/framework/web/CWebApplication.php(282): CController->run('')
#9 /app/yii/framework/web/CWebApplication.php(141): CWebApplication->runController('')
#10 /app/yii/framework/base/CApplication.php(169): CWebApplication->processRequest()
#11 /app/yii/htdocs/index.php(13): CApplication->run()
#12 {main}
REQUEST_URI=/
---
2016/05/10 17:41:20 [error] [php] include(Smarty_Internal_TemplateCompilerBase.php): failed to open stream: No such file or directory (/app/yii/framework/YiiBase.php:421)
Stack trace:
#0 /app/yii/htdocs/protected/vendor/smarty/sysplugins/smarty_internal_smartytemplatecompiler.php(23): spl_autoload_call()
#1 /app/yii/htdocs/protected/vendor/smarty/Smarty.class.php(1376): require_once()
#2 /app/yii/htdocs/protected/vendor/smarty/sysplugins/smarty_internal_template.php(712): CSmarty->loadPlugin()
#3 /app/yii/htdocs/protected/vendor/smarty/sysplugins/smarty_internal_template.php(197): Smarty_Internal_Template->__get()
#4 /app/yii/htdocs/protected/vendor/smarty/sysplugins/smarty_internal_templatebase.php(155): Smarty_Internal_Template->compileTemplateSource()
#5 /app/yii/htdocs/protected/vendor/smarty/sysplugins/smarty_internal_templatebase.php(394): CSmarty->fetch()
#6 /app/yii/htdocs/protected/controllers/SiteController.php(35): CSmarty->display()
#7 /app/yii/framework/web/actions/CInlineAction.php(49): SiteController->actionIndex()
#8 /app/yii/framework/web/CController.php(308): CInlineAction->runWithParams()
#9 /app/yii/framework/web/CController.php(286): SiteController->runAction()
#10 /app/yii/framework/web/CController.php(265): SiteController->runActionWithFilters()
#11 /app/yii/framework/web/CWebApplication.php(282): SiteController->run()
#12 /app/yii/framework/web/CWebApplication.php(141): CWebApplication->runController()
#13 /app/yii/framework/base/CApplication.php(169): CWebApplication->processRequest()
#14 /app/yii/htdocs/index.php(13): CWebApplication->run()
REQUEST_URI=/
in /app/yii/htdocs/protected/vendor/smarty/sysplugins/smarty_internal_smartytemplatecompiler.php (23)
in /app/yii/htdocs/protected/vendor/smarty/Smarty.class.php (1376)
in /app/yii/htdocs/protected/vendor/smarty/sysplugins/smarty_internal_template.php (712)
2016/05/10 17:43:10 [error] [php] require_once(/app/yii/htdocs/protected/vendor/smarty/Smarty.class): failed to open stream: No such file or directory (/app/yii/htdocs/protected/extensions/CSmarty.php:2)
Stack trace:
#0 /app/yii/framework/YiiBase.php(196): import()
#1 /app/yii/framework/base/CModule.php(386): createComponent()
#2 /app/yii/framework/base/CModule.php(103): CWebApplication->getComponent()
#3 /app/yii/htdocs/protected/controllers/SiteController.php(34): CWebApplication->__get()
#4 /app/yii/framework/web/actions/CInlineAction.php(49): SiteController->actionIndex()
#5 /app/yii/framework/web/CController.php(308): CInlineAction->runWithParams()
#6 /app/yii/framework/web/CController.php(286): SiteController->runAction()
#7 /app/yii/framework/web/CController.php(265): SiteController->runActionWithFilters()
#8 /app/yii/framework/web/CWebApplication.php(282): SiteController->run()
#9 /app/yii/framework/web/CWebApplication.php(141): CWebApplication->runController()
#10 /app/yii/framework/base/CApplication.php(169): CWebApplication->processRequest()
#11 /app/yii/htdocs/index.php(13): CWebApplication->run()
REQUEST_URI=/
in /app/yii/htdocs/protected/extensions/CSmarty.php (2)
in /app/yii/htdocs/protected/extensions/CSmarty.php (2)
in /app/yii/htdocs/protected/controllers/SiteController.php (34)
2016/05/10 17:43:17 [error] [php] include(Smarty_Internal_TemplateCompilerBase.php): failed to open stream: No such file or directory (/app/yii/framework/YiiBase.php:421)
Stack trace:
#0 /app/yii/htdocs/protected/vendor/smarty/sysplugins/smarty_internal_smartytemplatecompiler.php(23): spl_autoload_call()
#1 /app/yii/htdocs/protected/vendor/smarty/Smarty.class.php(1376): require_once()
#2 /app/yii/htdocs/protected/vendor/smarty/sysplugins/smarty_internal_template.php(712): CSmarty->loadPlugin()
#3 /app/yii/htdocs/protected/vendor/smarty/sysplugins/smarty_internal_template.php(197): Smarty_Internal_Template->__get()
#4 /app/yii/htdocs/protected/vendor/smarty/sysplugins/smarty_internal_templatebase.php(155): Smarty_Internal_Template->compileTemplateSource()
#5 /app/yii/htdocs/protected/vendor/smarty/sysplugins/smarty_internal_templatebase.php(394): CSmarty->fetch()
#6 /app/yii/htdocs/protected/controllers/SiteController.php(35): CSmarty->display()
#7 /app/yii/framework/web/actions/CInlineAction.php(49): SiteController->actionIndex()
#8 /app/yii/framework/web/CController.php(308): CInlineAction->runWithParams()
#9 /app/yii/framework/web/CController.php(286): SiteController->runAction()
#10 /app/yii/framework/web/CController.php(265): SiteController->runActionWithFilters()
#11 /app/yii/framework/web/CWebApplication.php(282): SiteController->run()
#12 /app/yii/framework/web/CWebApplication.php(141): CWebApplication->runController()
#13 /app/yii/framework/base/CApplication.php(169): CWebApplication->processRequest()
#14 /app/yii/htdocs/index.php(13): CWebApplication->run()
REQUEST_URI=/
in /app/yii/htdocs/protected/vendor/smarty/sysplugins/smarty_internal_smartytemplatecompiler.php (23)
in /app/yii/htdocs/protected/vendor/smarty/Smarty.class.php (1376)
in /app/yii/htdocs/protected/vendor/smarty/sysplugins/smarty_internal_template.php (712)
2016/05/10 17:44:36 [error] [php] include(Smarty_Internal_TemplateCompilerBase.php): failed to open stream: No such file or directory (/app/yii/framework/YiiBase.php:421)
Stack trace:
#0 /app/yii/htdocs/protected/vendor/smarty/sysplugins/smarty_internal_smartytemplatecompiler.php(23): spl_autoload_call()
#1 /app/yii/htdocs/protected/vendor/smarty/Smarty.class.php(1376): require_once()
#2 /app/yii/htdocs/protected/vendor/smarty/sysplugins/smarty_internal_template.php(712): CSmarty->loadPlugin()
#3 /app/yii/htdocs/protected/vendor/smarty/sysplugins/smarty_internal_template.php(197): Smarty_Internal_Template->__get()
#4 /app/yii/htdocs/protected/vendor/smarty/sysplugins/smarty_internal_templatebase.php(155): Smarty_Internal_Template->compileTemplateSource()
#5 /app/yii/htdocs/protected/vendor/smarty/sysplugins/smarty_internal_templatebase.php(394): CSmarty->fetch()
#6 /app/yii/htdocs/protected/controllers/SiteController.php(35): CSmarty->display()
#7 /app/yii/framework/web/actions/CInlineAction.php(49): SiteController->actionIndex()
#8 /app/yii/framework/web/CController.php(308): CInlineAction->runWithParams()
#9 /app/yii/framework/web/CController.php(286): SiteController->runAction()
#10 /app/yii/framework/web/CController.php(265): SiteController->runActionWithFilters()
#11 /app/yii/framework/web/CWebApplication.php(282): SiteController->run()
#12 /app/yii/framework/web/CWebApplication.php(141): CWebApplication->runController()
#13 /app/yii/framework/base/CApplication.php(169): CWebApplication->processRequest()
#14 /app/yii/htdocs/index.php(13): CWebApplication->run()
REQUEST_URI=/
in /app/yii/htdocs/protected/vendor/smarty/sysplugins/smarty_internal_smartytemplatecompiler.php (23)
in /app/yii/htdocs/protected/vendor/smarty/Smarty.class.php (1376)
in /app/yii/htdocs/protected/vendor/smarty/sysplugins/smarty_internal_template.php (712)
2016/05/10 17:44:37 [error] [php] include(Smarty_Internal_TemplateCompilerBase.php): failed to open stream: No such file or directory (/app/yii/framework/YiiBase.php:421)
Stack trace:
#0 /app/yii/htdocs/protected/vendor/smarty/sysplugins/smarty_internal_smartytemplatecompiler.php(23): spl_autoload_call()
#1 /app/yii/htdocs/protected/vendor/smarty/Smarty.class.php(1376): require_once()
#2 /app/yii/htdocs/protected/vendor/smarty/sysplugins/smarty_internal_template.php(712): CSmarty->loadPlugin()
#3 /app/yii/htdocs/protected/vendor/smarty/sysplugins/smarty_internal_template.php(197): Smarty_Internal_Template->__get()
#4 /app/yii/htdocs/protected/vendor/smarty/sysplugins/smarty_internal_templatebase.php(155): Smarty_Internal_Template->compileTemplateSource()
#5 /app/yii/htdocs/protected/vendor/smarty/sysplugins/smarty_internal_templatebase.php(394): CSmarty->fetch()
#6 /app/yii/htdocs/protected/controllers/SiteController.php(35): CSmarty->display()
#7 /app/yii/framework/web/actions/CInlineAction.php(49): SiteController->actionIndex()
#8 /app/yii/framework/web/CController.php(308): CInlineAction->runWithParams()
#9 /app/yii/framework/web/CController.php(286): SiteController->runAction()
#10 /app/yii/framework/web/CController.php(265): SiteController->runActionWithFilters()
#11 /app/yii/framework/web/CWebApplication.php(282): SiteController->run()
#12 /app/yii/framework/web/CWebApplication.php(141): CWebApplication->runController()
#13 /app/yii/framework/base/CApplication.php(169): CWebApplication->processRequest()
#14 /app/yii/htdocs/index.php(13): CWebApplication->run()
REQUEST_URI=/
in /app/yii/htdocs/protected/vendor/smarty/sysplugins/smarty_internal_smartytemplatecompiler.php (23)
in /app/yii/htdocs/protected/vendor/smarty/Smarty.class.php (1376)
in /app/yii/htdocs/protected/vendor/smarty/sysplugins/smarty_internal_template.php (712)
2016/05/10 17:44:38 [error] [php] include(Smarty_Internal_TemplateCompilerBase.php): failed to open stream: No such file or directory (/app/yii/framework/YiiBase.php:421)
Stack trace:
#0 /app/yii/htdocs/protected/vendor/smarty/sysplugins/smarty_internal_smartytemplatecompiler.php(23): spl_autoload_call()
#1 /app/yii/htdocs/protected/vendor/smarty/Smarty.class.php(1376): require_once()
#2 /app/yii/htdocs/protected/vendor/smarty/sysplugins/smarty_internal_template.php(712): CSmarty->loadPlugin()
#3 /app/yii/htdocs/protected/vendor/smarty/sysplugins/smarty_internal_template.php(197): Smarty_Internal_Template->__get()
#4 /app/yii/htdocs/protected/vendor/smarty/sysplugins/smarty_internal_templatebase.php(155): Smarty_Internal_Template->compileTemplateSource()
#5 /app/yii/htdocs/protected/vendor/smarty/sysplugins/smarty_internal_templatebase.php(394): CSmarty->fetch()
#6 /app/yii/htdocs/protected/controllers/SiteController.php(35): CSmarty->display()
#7 /app/yii/framework/web/actions/CInlineAction.php(49): SiteController->actionIndex()
#8 /app/yii/framework/web/CController.php(308): CInlineAction->runWithParams()
#9 /app/yii/framework/web/CController.php(286): SiteController->runAction()
#10 /app/yii/framework/web/CController.php(265): SiteController->runActionWithFilters()
#11 /app/yii/framework/web/CWebApplication.php(282): SiteController->run()
#12 /app/yii/framework/web/CWebApplication.php(141): CWebApplication->runController()
#13 /app/yii/framework/base/CApplication.php(169): CWebApplication->processRequest()
#14 /app/yii/htdocs/index.php(13): CWebApplication->run()
REQUEST_URI=/
in /app/yii/htdocs/protected/vendor/smarty/sysplugins/smarty_internal_smartytemplatecompiler.php (23)
in /app/yii/htdocs/protected/vendor/smarty/Smarty.class.php (1376)
in /app/yii/htdocs/protected/vendor/smarty/sysplugins/smarty_internal_template.php (712)
2016/05/10 17:44:50 [error] [php] include(Smarty_Internal_TemplateCompilerBase.php): failed to open stream: No such file or directory (/app/yii/framework/YiiBase.php:421)
Stack trace:
#0 /app/yii/htdocs/protected/vendor/smarty/sysplugins/smarty_internal_smartytemplatecompiler.php(23): spl_autoload_call()
#1 /app/yii/htdocs/protected/vendor/smarty/Smarty.class.php(1376): require_once()
#2 /app/yii/htdocs/protected/vendor/smarty/sysplugins/smarty_internal_template.php(712): CSmarty->loadPlugin()
#3 /app/yii/htdocs/protected/vendor/smarty/sysplugins/smarty_internal_template.php(197): Smarty_Internal_Template->__get()
#4 /app/yii/htdocs/protected/vendor/smarty/sysplugins/smarty_internal_templatebase.php(155): Smarty_Internal_Template->compileTemplateSource()
#5 /app/yii/htdocs/protected/vendor/smarty/sysplugins/smarty_internal_templatebase.php(394): CSmarty->fetch()
#6 /app/yii/htdocs/protected/controllers/SiteController.php(35): CSmarty->display()
#7 /app/yii/framework/web/actions/CInlineAction.php(49): SiteController->actionIndex()
#8 /app/yii/framework/web/CController.php(308): CInlineAction->runWithParams()
#9 /app/yii/framework/web/CController.php(286): SiteController->runAction()
#10 /app/yii/framework/web/CController.php(265): SiteController->runActionWithFilters()
#11 /app/yii/framework/web/CWebApplication.php(282): SiteController->run()
#12 /app/yii/framework/web/CWebApplication.php(141): CWebApplication->runController()
#13 /app/yii/framework/base/CApplication.php(169): CWebApplication->processRequest()
#14 /app/yii/htdocs/index.php(13): CWebApplication->run()
REQUEST_URI=/
in /app/yii/htdocs/protected/vendor/smarty/sysplugins/smarty_internal_smartytemplatecompiler.php (23)
in /app/yii/htdocs/protected/vendor/smarty/Smarty.class.php (1376)
in /app/yii/htdocs/protected/vendor/smarty/sysplugins/smarty_internal_template.php (712)
