2016/05/10 22:26:32 [error] [php] file_get_contents(views/mock/index.json): failed to open stream: No such file or directory (/app/yii/htdocs/protected/controllers/SiteController.php:42)
Stack trace:
#0 /app/yii/framework/web/CController.php(308): CInlineAction->runWithParams()
#1 /app/yii/framework/web/CController.php(286): SiteController->runAction()
#2 /app/yii/framework/web/CController.php(265): SiteController->runActionWithFilters()
#3 /app/yii/framework/web/CWebApplication.php(282): SiteController->run()
#4 /app/yii/framework/web/CWebApplication.php(141): CWebApplication->runController()
#5 /app/yii/framework/base/CApplication.php(169): CWebApplication->processRequest()
#6 /app/yii/htdocs/index.php(13): CWebApplication->run()
REQUEST_URI=/index
in /app/yii/htdocs/protected/controllers/SiteController.php (42)
in /app/yii/htdocs/index.php (13)
2016/05/10 22:26:33 [error] [php] file_get_contents(views/mock/favicon.ico.json): failed to open stream: No such file or directory (/app/yii/htdocs/protected/controllers/SiteController.php:42)
Stack trace:
#0 /app/yii/framework/web/CController.php(308): CInlineAction->runWithParams()
#1 /app/yii/framework/web/CController.php(286): SiteController->runAction()
#2 /app/yii/framework/web/CController.php(265): SiteController->runActionWithFilters()
#3 /app/yii/framework/web/CWebApplication.php(282): SiteController->run()
#4 /app/yii/framework/web/CWebApplication.php(141): CWebApplication->runController()
#5 /app/yii/framework/base/CApplication.php(169): CWebApplication->processRequest()
#6 /app/yii/htdocs/index.php(13): CWebApplication->run()
REQUEST_URI=/favicon.ico
in /app/yii/htdocs/protected/controllers/SiteController.php (42)
in /app/yii/htdocs/index.php (13)
2016/05/10 22:27:25 [error] [php] file_get_contents(/app/yii/htdocs/protectedviews/mock/index.json): failed to open stream: No such file or directory (/app/yii/htdocs/protected/controllers/SiteController.php:42)
Stack trace:
#0 /app/yii/framework/web/CController.php(308): CInlineAction->runWithParams()
#1 /app/yii/framework/web/CController.php(286): SiteController->runAction()
#2 /app/yii/framework/web/CController.php(265): SiteController->runActionWithFilters()
#3 /app/yii/framework/web/CWebApplication.php(282): SiteController->run()
#4 /app/yii/framework/web/CWebApplication.php(141): CWebApplication->runController()
#5 /app/yii/framework/base/CApplication.php(169): CWebApplication->processRequest()
#6 /app/yii/htdocs/index.php(13): CWebApplication->run()
REQUEST_URI=/index
in /app/yii/htdocs/protected/controllers/SiteController.php (42)
in /app/yii/htdocs/index.php (13)
2016/05/10 22:27:26 [error] [php] file_get_contents(/app/yii/htdocs/protectedviews/mock/favicon.ico.json): failed to open stream: No such file or directory (/app/yii/htdocs/protected/controllers/SiteController.php:42)
Stack trace:
#0 /app/yii/framework/web/CController.php(308): CInlineAction->runWithParams()
#1 /app/yii/framework/web/CController.php(286): SiteController->runAction()
#2 /app/yii/framework/web/CController.php(265): SiteController->runActionWithFilters()
#3 /app/yii/framework/web/CWebApplication.php(282): SiteController->run()
#4 /app/yii/framework/web/CWebApplication.php(141): CWebApplication->runController()
#5 /app/yii/framework/base/CApplication.php(169): CWebApplication->processRequest()
#6 /app/yii/htdocs/index.php(13): CWebApplication->run()
REQUEST_URI=/favicon.ico
in /app/yii/htdocs/protected/controllers/SiteController.php (42)
in /app/yii/htdocs/index.php (13)
2016/05/10 22:27:38 [error] [php] file_get_contents(/app/yii/htdocs/protected/views/mock/favicon.ico.json): failed to open stream: No such file or directory (/app/yii/htdocs/protected/controllers/SiteController.php:42)
Stack trace:
#0 /app/yii/framework/web/CController.php(308): CInlineAction->runWithParams()
#1 /app/yii/framework/web/CController.php(286): SiteController->runAction()
#2 /app/yii/framework/web/CController.php(265): SiteController->runActionWithFilters()
#3 /app/yii/framework/web/CWebApplication.php(282): SiteController->run()
#4 /app/yii/framework/web/CWebApplication.php(141): CWebApplication->runController()
#5 /app/yii/framework/base/CApplication.php(169): CWebApplication->processRequest()
#6 /app/yii/htdocs/index.php(13): CWebApplication->run()
REQUEST_URI=/favicon.ico
in /app/yii/htdocs/protected/controllers/SiteController.php (42)
in /app/yii/htdocs/index.php (13)
2016/05/10 22:27:39 [error] [php] file_get_contents(/app/yii/htdocs/protected/views/mock/favicon.ico.json): failed to open stream: No such file or directory (/app/yii/htdocs/protected/controllers/SiteController.php:42)
Stack trace:
#0 /app/yii/framework/web/CController.php(308): CInlineAction->runWithParams()
#1 /app/yii/framework/web/CController.php(286): SiteController->runAction()
#2 /app/yii/framework/web/CController.php(265): SiteController->runActionWithFilters()
#3 /app/yii/framework/web/CWebApplication.php(282): SiteController->run()
#4 /app/yii/framework/web/CWebApplication.php(141): CWebApplication->runController()
#5 /app/yii/framework/base/CApplication.php(169): CWebApplication->processRequest()
#6 /app/yii/htdocs/index.php(13): CWebApplication->run()
REQUEST_URI=/favicon.ico
in /app/yii/htdocs/protected/controllers/SiteController.php (42)
in /app/yii/htdocs/index.php (13)
2016/05/10 22:27:52 [error] [php] file_get_contents(/app/yii/htdocs/protected/views/mock/favicon.ico.json): failed to open stream: No such file or directory (/app/yii/htdocs/protected/controllers/SiteController.php:42)
Stack trace:
#0 /app/yii/framework/web/CController.php(308): CInlineAction->runWithParams()
#1 /app/yii/framework/web/CController.php(286): SiteController->runAction()
#2 /app/yii/framework/web/CController.php(265): SiteController->runActionWithFilters()
#3 /app/yii/framework/web/CWebApplication.php(282): SiteController->run()
#4 /app/yii/framework/web/CWebApplication.php(141): CWebApplication->runController()
#5 /app/yii/framework/base/CApplication.php(169): CWebApplication->processRequest()
#6 /app/yii/htdocs/index.php(13): CWebApplication->run()
REQUEST_URI=/favicon.ico
in /app/yii/htdocs/protected/controllers/SiteController.php (42)
in /app/yii/htdocs/index.php (13)
2016/05/10 22:27:53 [error] [php] file_get_contents(/app/yii/htdocs/protected/views/mock/.json): failed to open stream: No such file or directory (/app/yii/htdocs/protected/controllers/SiteController.php:42)
Stack trace:
#0 /app/yii/framework/web/CController.php(308): CInlineAction->runWithParams()
#1 /app/yii/framework/web/CController.php(286): SiteController->runAction()
#2 /app/yii/framework/web/CController.php(265): SiteController->runActionWithFilters()
#3 /app/yii/framework/web/CWebApplication.php(282): SiteController->run()
#4 /app/yii/framework/web/CWebApplication.php(141): CWebApplication->runController()
#5 /app/yii/framework/base/CApplication.php(169): CWebApplication->processRequest()
#6 /app/yii/htdocs/index.php(13): CWebApplication->run()
REQUEST_URI=/
in /app/yii/htdocs/protected/controllers/SiteController.php (42)
in /app/yii/htdocs/index.php (13)
2016/05/10 22:27:54 [error] [php] file_get_contents(/app/yii/htdocs/protected/views/mock/favicon.ico.json): failed to open stream: No such file or directory (/app/yii/htdocs/protected/controllers/SiteController.php:42)
Stack trace:
#0 /app/yii/framework/web/CController.php(308): CInlineAction->runWithParams()
#1 /app/yii/framework/web/CController.php(286): SiteController->runAction()
#2 /app/yii/framework/web/CController.php(265): SiteController->runActionWithFilters()
#3 /app/yii/framework/web/CWebApplication.php(282): SiteController->run()
#4 /app/yii/framework/web/CWebApplication.php(141): CWebApplication->runController()
#5 /app/yii/framework/base/CApplication.php(169): CWebApplication->processRequest()
#6 /app/yii/htdocs/index.php(13): CWebApplication->run()
REQUEST_URI=/favicon.ico
in /app/yii/htdocs/protected/controllers/SiteController.php (42)
in /app/yii/htdocs/index.php (13)
2016/05/10 22:27:54 [error] [php] file_get_contents(/app/yii/htdocs/protected/views/mock/.json): failed to open stream: No such file or directory (/app/yii/htdocs/protected/controllers/SiteController.php:42)
Stack trace:
#0 /app/yii/framework/web/CController.php(308): CInlineAction->runWithParams()
#1 /app/yii/framework/web/CController.php(286): SiteController->runAction()
#2 /app/yii/framework/web/CController.php(265): SiteController->runActionWithFilters()
#3 /app/yii/framework/web/CWebApplication.php(282): SiteController->run()
#4 /app/yii/framework/web/CWebApplication.php(141): CWebApplication->runController()
#5 /app/yii/framework/base/CApplication.php(169): CWebApplication->processRequest()
#6 /app/yii/htdocs/index.php(13): CWebApplication->run()
REQUEST_URI=/
in /app/yii/htdocs/protected/controllers/SiteController.php (42)
in /app/yii/htdocs/index.php (13)
2016/05/10 22:27:55 [error] [php] file_get_contents(/app/yii/htdocs/protected/views/mock/favicon.ico.json): failed to open stream: No such file or directory (/app/yii/htdocs/protected/controllers/SiteController.php:42)
Stack trace:
#0 /app/yii/framework/web/CController.php(308): CInlineAction->runWithParams()
#1 /app/yii/framework/web/CController.php(286): SiteController->runAction()
#2 /app/yii/framework/web/CController.php(265): SiteController->runActionWithFilters()
#3 /app/yii/framework/web/CWebApplication.php(282): SiteController->run()
#4 /app/yii/framework/web/CWebApplication.php(141): CWebApplication->runController()
#5 /app/yii/framework/base/CApplication.php(169): CWebApplication->processRequest()
#6 /app/yii/htdocs/index.php(13): CWebApplication->run()
REQUEST_URI=/favicon.ico
in /app/yii/htdocs/protected/controllers/SiteController.php (42)
in /app/yii/htdocs/index.php (13)
2016/05/10 22:28:16 [error] [php] file_get_contents(/app/yii/htdocs/protected/views/mock/1.json): failed to open stream: No such file or directory (/app/yii/htdocs/protected/controllers/SiteController.php:43)
Stack trace:
#0 /app/yii/framework/web/CController.php(308): CInlineAction->runWithParams()
#1 /app/yii/framework/web/CController.php(286): SiteController->runAction()
#2 /app/yii/framework/web/CController.php(265): SiteController->runActionWithFilters()
#3 /app/yii/framework/web/CWebApplication.php(282): SiteController->run()
#4 /app/yii/framework/web/CWebApplication.php(141): CWebApplication->runController()
#5 /app/yii/framework/base/CApplication.php(169): CWebApplication->processRequest()
#6 /app/yii/htdocs/index.php(13): CWebApplication->run()
REQUEST_URI=/
in /app/yii/htdocs/protected/controllers/SiteController.php (43)
in /app/yii/htdocs/index.php (13)
2016/05/10 22:28:17 [error] [php] file_get_contents(/app/yii/htdocs/protected/views/mock/1.json): failed to open stream: No such file or directory (/app/yii/htdocs/protected/controllers/SiteController.php:43)
Stack trace:
#0 /app/yii/framework/web/CController.php(308): CInlineAction->runWithParams()
#1 /app/yii/framework/web/CController.php(286): SiteController->runAction()
#2 /app/yii/framework/web/CController.php(265): SiteController->runActionWithFilters()
#3 /app/yii/framework/web/CWebApplication.php(282): SiteController->run()
#4 /app/yii/framework/web/CWebApplication.php(141): CWebApplication->runController()
#5 /app/yii/framework/base/CApplication.php(169): CWebApplication->processRequest()
#6 /app/yii/htdocs/index.php(13): CWebApplication->run()
REQUEST_URI=/favicon.ico
in /app/yii/htdocs/protected/controllers/SiteController.php (43)
in /app/yii/htdocs/index.php (13)
2016/05/10 22:28:17 [error] [php] file_get_contents(/app/yii/htdocs/protected/views/mock/1.json): failed to open stream: No such file or directory (/app/yii/htdocs/protected/controllers/SiteController.php:43)
Stack trace:
#0 /app/yii/framework/web/CController.php(308): CInlineAction->runWithParams()
#1 /app/yii/framework/web/CController.php(286): SiteController->runAction()
#2 /app/yii/framework/web/CController.php(265): SiteController->runActionWithFilters()
#3 /app/yii/framework/web/CWebApplication.php(282): SiteController->run()
#4 /app/yii/framework/web/CWebApplication.php(141): CWebApplication->runController()
#5 /app/yii/framework/base/CApplication.php(169): CWebApplication->processRequest()
#6 /app/yii/htdocs/index.php(13): CWebApplication->run()
REQUEST_URI=/
in /app/yii/htdocs/protected/controllers/SiteController.php (43)
in /app/yii/htdocs/index.php (13)
2016/05/10 22:28:18 [error] [php] file_get_contents(/app/yii/htdocs/protected/views/mock/1.json): failed to open stream: No such file or directory (/app/yii/htdocs/protected/controllers/SiteController.php:43)
Stack trace:
#0 /app/yii/framework/web/CController.php(308): CInlineAction->runWithParams()
#1 /app/yii/framework/web/CController.php(286): SiteController->runAction()
#2 /app/yii/framework/web/CController.php(265): SiteController->runActionWithFilters()
#3 /app/yii/framework/web/CWebApplication.php(282): SiteController->run()
#4 /app/yii/framework/web/CWebApplication.php(141): CWebApplication->runController()
#5 /app/yii/framework/base/CApplication.php(169): CWebApplication->processRequest()
#6 /app/yii/htdocs/index.php(13): CWebApplication->run()
REQUEST_URI=/favicon.ico
in /app/yii/htdocs/protected/controllers/SiteController.php (43)
in /app/yii/htdocs/index.php (13)
2016/05/10 22:29:30 [error] [php] file_get_contents(/app/yii/htdocs/protected/views/mock/favicon.ico.json): failed to open stream: No such file or directory (/app/yii/htdocs/protected/controllers/SiteController.php:48)
Stack trace:
#0 /app/yii/framework/web/CController.php(308): CInlineAction->runWithParams()
#1 /app/yii/framework/web/CController.php(286): SiteController->runAction()
#2 /app/yii/framework/web/CController.php(265): SiteController->runActionWithFilters()
#3 /app/yii/framework/web/CWebApplication.php(282): SiteController->run()
#4 /app/yii/framework/web/CWebApplication.php(141): CWebApplication->runController()
#5 /app/yii/framework/base/CApplication.php(169): CWebApplication->processRequest()
#6 /app/yii/htdocs/index.php(13): CWebApplication->run()
REQUEST_URI=/favicon.ico
in /app/yii/htdocs/protected/controllers/SiteController.php (48)
in /app/yii/htdocs/index.php (13)
2016/05/10 22:29:31 [error] [php] file_get_contents(/app/yii/htdocs/protected/views/mock/favicon.ico.json): failed to open stream: No such file or directory (/app/yii/htdocs/protected/controllers/SiteController.php:48)
Stack trace:
#0 /app/yii/framework/web/CController.php(308): CInlineAction->runWithParams()
#1 /app/yii/framework/web/CController.php(286): SiteController->runAction()
#2 /app/yii/framework/web/CController.php(265): SiteController->runActionWithFilters()
#3 /app/yii/framework/web/CWebApplication.php(282): SiteController->run()
#4 /app/yii/framework/web/CWebApplication.php(141): CWebApplication->runController()
#5 /app/yii/framework/base/CApplication.php(169): CWebApplication->processRequest()
#6 /app/yii/htdocs/index.php(13): CWebApplication->run()
REQUEST_URI=/favicon.ico
in /app/yii/htdocs/protected/controllers/SiteController.php (48)
in /app/yii/htdocs/index.php (13)
2016/05/10 22:29:32 [error] [php] file_get_contents(/app/yii/htdocs/protected/views/mock/favicon.ico.json): failed to open stream: No such file or directory (/app/yii/htdocs/protected/controllers/SiteController.php:48)
Stack trace:
#0 /app/yii/framework/web/CController.php(308): CInlineAction->runWithParams()
#1 /app/yii/framework/web/CController.php(286): SiteController->runAction()
#2 /app/yii/framework/web/CController.php(265): SiteController->runActionWithFilters()
#3 /app/yii/framework/web/CWebApplication.php(282): SiteController->run()
#4 /app/yii/framework/web/CWebApplication.php(141): CWebApplication->runController()
#5 /app/yii/framework/base/CApplication.php(169): CWebApplication->processRequest()
#6 /app/yii/htdocs/index.php(13): CWebApplication->run()
REQUEST_URI=/favicon.ico
in /app/yii/htdocs/protected/controllers/SiteController.php (48)
in /app/yii/htdocs/index.php (13)
2016/05/10 22:29:33 [error] [php] file_get_contents(/app/yii/htdocs/protected/views/mock/favicon.ico.json): failed to open stream: No such file or directory (/app/yii/htdocs/protected/controllers/SiteController.php:48)
Stack trace:
#0 /app/yii/framework/web/CController.php(308): CInlineAction->runWithParams()
#1 /app/yii/framework/web/CController.php(286): SiteController->runAction()
#2 /app/yii/framework/web/CController.php(265): SiteController->runActionWithFilters()
#3 /app/yii/framework/web/CWebApplication.php(282): SiteController->run()
#4 /app/yii/framework/web/CWebApplication.php(141): CWebApplication->runController()
#5 /app/yii/framework/base/CApplication.php(169): CWebApplication->processRequest()
#6 /app/yii/htdocs/index.php(13): CWebApplication->run()
REQUEST_URI=/favicon.ico
in /app/yii/htdocs/protected/controllers/SiteController.php (48)
in /app/yii/htdocs/index.php (13)
2016/05/10 22:29:41 [error] [php] file_get_contents(/app/yii/htdocs/protected/views/mock/favicon.ico.json): failed to open stream: No such file or directory (/app/yii/htdocs/protected/controllers/SiteController.php:48)
Stack trace:
#0 /app/yii/framework/web/CController.php(308): CInlineAction->runWithParams()
#1 /app/yii/framework/web/CController.php(286): SiteController->runAction()
#2 /app/yii/framework/web/CController.php(265): SiteController->runActionWithFilters()
#3 /app/yii/framework/web/CWebApplication.php(282): SiteController->run()
#4 /app/yii/framework/web/CWebApplication.php(141): CWebApplication->runController()
#5 /app/yii/framework/base/CApplication.php(169): CWebApplication->processRequest()
#6 /app/yii/htdocs/index.php(13): CWebApplication->run()
REQUEST_URI=/favicon.ico
in /app/yii/htdocs/protected/controllers/SiteController.php (48)
in /app/yii/htdocs/index.php (13)
2016/05/10 22:29:42 [error] [php] file_get_contents(/app/yii/htdocs/protected/views/mock/favicon.ico.json): failed to open stream: No such file or directory (/app/yii/htdocs/protected/controllers/SiteController.php:48)
Stack trace:
#0 /app/yii/framework/web/CController.php(308): CInlineAction->runWithParams()
#1 /app/yii/framework/web/CController.php(286): SiteController->runAction()
#2 /app/yii/framework/web/CController.php(265): SiteController->runActionWithFilters()
#3 /app/yii/framework/web/CWebApplication.php(282): SiteController->run()
#4 /app/yii/framework/web/CWebApplication.php(141): CWebApplication->runController()
#5 /app/yii/framework/base/CApplication.php(169): CWebApplication->processRequest()
#6 /app/yii/htdocs/index.php(13): CWebApplication->run()
REQUEST_URI=/favicon.ico
in /app/yii/htdocs/protected/controllers/SiteController.php (48)
in /app/yii/htdocs/index.php (13)
2016/05/10 22:29:43 [error] [php] file_get_contents(/app/yii/htdocs/protected/views/mock/favicon.ico.json): failed to open stream: No such file or directory (/app/yii/htdocs/protected/controllers/SiteController.php:48)
Stack trace:
#0 /app/yii/framework/web/CController.php(308): CInlineAction->runWithParams()
#1 /app/yii/framework/web/CController.php(286): SiteController->runAction()
#2 /app/yii/framework/web/CController.php(265): SiteController->runActionWithFilters()
#3 /app/yii/framework/web/CWebApplication.php(282): SiteController->run()
#4 /app/yii/framework/web/CWebApplication.php(141): CWebApplication->runController()
#5 /app/yii/framework/base/CApplication.php(169): CWebApplication->processRequest()
#6 /app/yii/htdocs/index.php(13): CWebApplication->run()
REQUEST_URI=/favicon.ico
in /app/yii/htdocs/protected/controllers/SiteController.php (48)
in /app/yii/htdocs/index.php (13)
2016/05/10 22:30:09 [error] [php] file_get_contents(/app/yii/htdocs/protected/views/mock/favicon.ico.json): failed to open stream: No such file or directory (/app/yii/htdocs/protected/controllers/SiteController.php:48)
Stack trace:
#0 /app/yii/framework/web/CController.php(308): CInlineAction->runWithParams()
#1 /app/yii/framework/web/CController.php(286): SiteController->runAction()
#2 /app/yii/framework/web/CController.php(265): SiteController->runActionWithFilters()
#3 /app/yii/framework/web/CWebApplication.php(282): SiteController->run()
#4 /app/yii/framework/web/CWebApplication.php(141): CWebApplication->runController()
#5 /app/yii/framework/base/CApplication.php(169): CWebApplication->processRequest()
#6 /app/yii/htdocs/index.php(13): CWebApplication->run()
REQUEST_URI=/favicon.ico
in /app/yii/htdocs/protected/controllers/SiteController.php (48)
in /app/yii/htdocs/index.php (13)
2016/05/10 22:30:32 [error] [php] file_get_contents(/app/yii/htdocs/protected/views/mock/favicon.ico.json): failed to open stream: No such file or directory (/app/yii/htdocs/protected/controllers/SiteController.php:48)
Stack trace:
#0 /app/yii/framework/web/CController.php(308): CInlineAction->runWithParams()
#1 /app/yii/framework/web/CController.php(286): SiteController->runAction()
#2 /app/yii/framework/web/CController.php(265): SiteController->runActionWithFilters()
#3 /app/yii/framework/web/CWebApplication.php(282): SiteController->run()
#4 /app/yii/framework/web/CWebApplication.php(141): CWebApplication->runController()
#5 /app/yii/framework/base/CApplication.php(169): CWebApplication->processRequest()
#6 /app/yii/htdocs/index.php(13): CWebApplication->run()
REQUEST_URI=/favicon.ico
in /app/yii/htdocs/protected/controllers/SiteController.php (48)
in /app/yii/htdocs/index.php (13)
2016/05/10 22:30:40 [error] [php] file_get_contents(/app/yii/htdocs/protected/views/mock/favicon.ico.json): failed to open stream: No such file or directory (/app/yii/htdocs/protected/controllers/SiteController.php:48)
Stack trace:
#0 /app/yii/framework/web/CController.php(308): CInlineAction->runWithParams()
#1 /app/yii/framework/web/CController.php(286): SiteController->runAction()
#2 /app/yii/framework/web/CController.php(265): SiteController->runActionWithFilters()
#3 /app/yii/framework/web/CWebApplication.php(282): SiteController->run()
#4 /app/yii/framework/web/CWebApplication.php(141): CWebApplication->runController()
#5 /app/yii/framework/base/CApplication.php(169): CWebApplication->processRequest()
#6 /app/yii/htdocs/index.php(13): CWebApplication->run()
REQUEST_URI=/favicon.ico
in /app/yii/htdocs/protected/controllers/SiteController.php (48)
in /app/yii/htdocs/index.php (13)
2016/05/10 22:33:18 [error] [php] file_get_contents(/app/yii/htdocs/protected/views/mock/favicon.ico.json): failed to open stream: No such file or directory (/app/yii/htdocs/protected/controllers/SiteController.php:48)
Stack trace:
#0 /app/yii/framework/web/CController.php(308): CInlineAction->runWithParams()
#1 /app/yii/framework/web/CController.php(286): SiteController->runAction()
#2 /app/yii/framework/web/CController.php(265): SiteController->runActionWithFilters()
#3 /app/yii/framework/web/CWebApplication.php(282): SiteController->run()
#4 /app/yii/framework/web/CWebApplication.php(141): CWebApplication->runController()
#5 /app/yii/framework/base/CApplication.php(169): CWebApplication->processRequest()
#6 /app/yii/htdocs/index.php(13): CWebApplication->run()
REQUEST_URI=/favicon.ico
in /app/yii/htdocs/protected/controllers/SiteController.php (48)
in /app/yii/htdocs/index.php (13)
2016/05/10 22:33:42 [error] [php] file_get_contents(/app/yii/htdocs/protected/views/mock/favicon.ico.json): failed to open stream: No such file or directory (/app/yii/htdocs/protected/controllers/SiteController.php:48)
Stack trace:
#0 /app/yii/framework/web/CController.php(308): CInlineAction->runWithParams()
#1 /app/yii/framework/web/CController.php(286): SiteController->runAction()
#2 /app/yii/framework/web/CController.php(265): SiteController->runActionWithFilters()
#3 /app/yii/framework/web/CWebApplication.php(282): SiteController->run()
#4 /app/yii/framework/web/CWebApplication.php(141): CWebApplication->runController()
#5 /app/yii/framework/base/CApplication.php(169): CWebApplication->processRequest()
#6 /app/yii/htdocs/index.php(13): CWebApplication->run()
REQUEST_URI=/favicon.ico
in /app/yii/htdocs/protected/controllers/SiteController.php (48)
in /app/yii/htdocs/index.php (13)
2016/05/10 22:33:43 [error] [php] file_get_contents(/app/yii/htdocs/protected/views/mock/favicon.ico.json): failed to open stream: No such file or directory (/app/yii/htdocs/protected/controllers/SiteController.php:48)
Stack trace:
#0 /app/yii/framework/web/CController.php(308): CInlineAction->runWithParams()
#1 /app/yii/framework/web/CController.php(286): SiteController->runAction()
#2 /app/yii/framework/web/CController.php(265): SiteController->runActionWithFilters()
#3 /app/yii/framework/web/CWebApplication.php(282): SiteController->run()
#4 /app/yii/framework/web/CWebApplication.php(141): CWebApplication->runController()
#5 /app/yii/framework/base/CApplication.php(169): CWebApplication->processRequest()
#6 /app/yii/htdocs/index.php(13): CWebApplication->run()
REQUEST_URI=/favicon.ico
in /app/yii/htdocs/protected/controllers/SiteController.php (48)
in /app/yii/htdocs/index.php (13)
2016/05/10 22:34:20 [error] [php] file_get_contents(/app/yii/htdocs/protected/views/mock/favicon.ico.json): failed to open stream: No such file or directory (/app/yii/htdocs/protected/controllers/SiteController.php:48)
Stack trace:
#0 /app/yii/framework/web/CController.php(308): CInlineAction->runWithParams()
#1 /app/yii/framework/web/CController.php(286): SiteController->runAction()
#2 /app/yii/framework/web/CController.php(265): SiteController->runActionWithFilters()
#3 /app/yii/framework/web/CWebApplication.php(282): SiteController->run()
#4 /app/yii/framework/web/CWebApplication.php(141): CWebApplication->runController()
#5 /app/yii/framework/base/CApplication.php(169): CWebApplication->processRequest()
#6 /app/yii/htdocs/index.php(13): CWebApplication->run()
REQUEST_URI=/favicon.ico
in /app/yii/htdocs/protected/controllers/SiteController.php (48)
in /app/yii/htdocs/index.php (13)
